INFO: Opening KRB file: ../../examples/button.krb
INFO: Reading KRB document...
INFO: Parsed KRB OK - Elements=2, Styles=1, Strings=4, Flags=0x0061
INFO: Processing App Element (Index 0)
DEBUG: Element 1 marked interactive based on type 0x10.
INFO: Processing Element 1: type=0x10
WARN: Using TEMPORARY HACK for tree building (assumes sequential order)
INFO: Found 1 root(s). First is Elem 0.
INFO: Initializing window 600x400 'Centered Button'
DEBUG RENDER: Render Elem 0x2d218560: Type=0x00 @(0,0) FinalSize=600x400 Borders=[0,0,0,0] Text='NULL' Align=0 Layout=0x04 Interact=0
DEBUG RENDER: Render Elem 0x2d218db0: Type=0x10 @(225,175) FinalSize=150x50 Borders=[0,0,0,0] Text='Click Me!' Align=1 Layout=0x00 Interact=1
DEBUG RENDER: Render Elem 0x2d218560: Type=0x00 @(0,0) FinalSize=600x400 Borders=[0,0,0,0] Text='NULL' Align=0 Layout=0x04 Interact=0
DEBUG RENDER: Render Elem 0x2d218db0: Type=0x10 @(225,175) FinalSize=150x50 Borders=[0,0,0,0] Text='Click Me!' Align=1 Layout=0x00 Interact=1
DEBUG RENDER: Render Elem 0x2d218560: Type=0x00 @(0,0) FinalSize=600x400 Borders=[0,0,0,0] Text='NULL' Align=0 Layout=0x04 Interact=0
DEBUG RENDER: Render Elem 0x2d218db0: Type=0x10 @(225,175) FinalSize=150x50 Borders=[0,0,0,0] Text='Click Me!' Align=1 Layout=0x00 Interact=1
DEBUG RENDER: Render Elem 0x2d218560: Type=0x00 @(0,0) FinalSize=600x400 Borders=[0,0,0,0] Text='NULL' Align=0 Layout=0x04 Interact=0
DEBUG RENDER: Render Elem 0x2d218db0: Type=0x10 @(225,175) FinalSize=150x50 Borders=[0,0,0,0] Text='Click Me!' Align=1 Layout=0x00 Interact=1
DEBUG RENDER: Render Elem 0x2d218560: Type=0x00 @(0,0) FinalSize=600x400 Borders=[0,0,0,0] Text='NULL' Align=0 Layout=0x04 Interact=0
DEBUG RENDER: Render Elem 0x2d218db0: Type=0x10 @(225,175) FinalSize=150x50 Borders=[0,0,0,0] Text='Click Me!' Align=1 Layout=0x00 Interact=1
DEBUG RENDER: Render Elem 0x2d218560: Type=0x00 @(0,0) FinalSize=600x400 Borders=[0,0,0,0] Text='NULL' Align=0 Layout=0x04 Interact=0
DEBUG RENDER: Render Elem 0x2d218db0: Type=0x10 @(225,175) FinalSize=150x50 Borders=[0,0,0,0] Text='Click Me!' Align=1 Layout=0x00 Interact=1
DEBUG RENDER: Render Elem 0x2d218560: Type=0x00 @(0,0) FinalSize=600x400 Borders=[0,0,0,0] Text='NULL' Align=0 Layout=0x04 Interact=0
DEBUG RENDER: Render Elem 0x2d218db0: Type=0x10 @(225,175) FinalSize=150x50 Borders=[0,0,0,0] Text='Click Me!' Align=1 Layout=0x00 Interact=1
DEBUG RENDER: Render Elem 0x2d218560: Type=0x00 @(0,0) FinalSize=600x400 Borders=[0,0,0,0] Text='NULL' Align=0 Layout=0x04 Interact=0
DEBUG RENDER: Render Elem 0x2d218db0: Type=0x10 @(225,175) FinalSize=150x50 Borders=[0,0,0,0] Text='Click Me!' Align=1 Layout=0x00 Interact=1
DEBUG RENDER: Render Elem 0x2d218560: Type=0x00 @(0,0) FinalSize=600x400 Borders=[0,0,0,0] Text='NULL' Align=0 Layout=0x04 Interact=0
DEBUG RENDER: Render Elem 0x2d218db0: Type=0x10 @(225,175) FinalSize=150x50 Borders=[0,0,0,0] Text='Click Me!' Align=1 Layout=0x00 Interact=1
DEBUG RENDER: Render Elem 0x2d218560: Type=0x00 @(0,0) FinalSize=600x400 Borders=[0,0,0,0] Text='NULL' Align=0 Layout=0x04 Interact=0
DEBUG RENDER: Render Elem 0x2d218db0: Type=0x10 @(225,175) FinalSize=150x50 Borders=[0,0,0,0] Text='Click Me!' Align=1 Layout=0x00 Interact=1
DEBUG RENDER: Render Elem 0x2d218560: Type=0x00 @(0,0) FinalSize=600x400 Borders=[0,0,0,0] Text='NULL' Align=0 Layout=0x04 Interact=0
DEBUG RENDER: Render Elem 0x2d218db0: Type=0x10 @(225,175) FinalSize=150x50 Borders=[0,0,0,0] Text='Click Me!' Align=1 Layout=0x00 Interact=1
DEBUG RENDER: Render Elem 0x2d218560: Type=0x00 @(0,0) FinalSize=600x400 Borders=[0,0,0,0] Text='NULL' Align=0 Layout=0x04 Interact=0
DEBUG RENDER: Render Elem 0x2d218db0: Type=0x10 @(225,175) FinalSize=150x50 Borders=[0,0,0,0] Text='Click Me!' Align=1 Layout=0x00 Interact=1
DEBUG RENDER: Render Elem 0x2d218560: Type=0x00 @(0,0) FinalSize=600x400 Borders=[0,0,0,0] Text='NULL' Align=0 Layout=0x04 Interact=0
DEBUG RENDER: Render Elem 0x2d218db0: Type=0x10 @(225,175) FinalSize=150x50 Borders=[0,0,0,0] Text='Click Me!' Align=1 Layout=0x00 Interact=1
DEBUG RENDER: Render Elem 0x2d218560: Type=0x00 @(0,0) FinalSize=600x400 Borders=[0,0,0,0] Text='NULL' Align=0 Layout=0x04 Interact=0
DEBUG RENDER: Render Elem 0x2d218db0: Type=0x10 @(225,175) FinalSize=150x50 Borders=[0,0,0,0] Text='Click Me!' Align=1 Layout=0x00 Interact=1
DEBUG RENDER: Render Elem 0x2d218560: Type=0x00 @(0,0) FinalSize=600x400 Borders=[0,0,0,0] Text='NULL' Align=0 Layout=0x04 Interact=0
DEBUG RENDER: Render Elem 0x2d218db0: Type=0x10 @(225,175) FinalSize=150x50 Borders=[0,0,0,0] Text='Click Me!' Align=1 Layout=0x00 Interact=1
DEBUG RENDER: Render Elem 0x2d218560: Type=0x00 @(0,0) FinalSize=600x400 Borders=[0,0,0,0] Text='NULL' Align=0 Layout=0x04 Interact=0
DEBUG RENDER: Render Elem 0x2d218db0: Type=0x10 @(225,175) FinalSize=150x50 Borders=[0,0,0,0] Text='Click Me!' Align=1 Layout=0x00 Interact=1
DEBUG RENDER: Render Elem 0x2d218560: Type=0x00 @(0,0) FinalSize=600x400 Borders=[0,0,0,0] Text='NULL' Align=0 Layout=0x04 Interact=0
DEBUG RENDER: Render Elem 0x2d218db0: Type=0x10 @(225,175) FinalSize=150x50 Borders=[0,0,0,0] Text='Click Me!' Align=1 Layout=0x00 Interact=1
DEBUG RENDER: Render Elem 0x2d218560: Type=0x00 @(0,0) FinalSize=600x400 Borders=[0,0,0,0] Text='NULL' Align=0 Layout=0x04 Interact=0
DEBUG RENDER: Render Elem 0x2d218db0: Type=0x10 @(225,175) FinalSize=150x50 Borders=[0,0,0,0] Text='Click Me!' Align=1 Layout=0x00 Interact=1
DEBUG RENDER: Render Elem 0x2d218560: Type=0x00 @(0,0) FinalSize=600x400 Borders=[0,0,0,0] Text='NULL' Align=0 Layout=0x04 Interact=0
DEBUG RENDER: Render Elem 0x2d218db0: Type=0x10 @(225,175) FinalSize=150x50 Borders=[0,0,0,0] Text='Click Me!' Align=1 Layout=0x00 Interact=1
DEBUG RENDER: Render Elem 0x2d218560: Type=0x00 @(0,0) FinalSize=600x400 Borders=[0,0,0,0] Text='NULL' Align=0 Layout=0x04 Interact=0
DEBUG RENDER: Render Elem 0x2d218db0: Type=0x10 @(225,175) FinalSize=150x50 Borders=[0,0,0,0] Text='Click Me!' Align=1 Layout=0x00 Interact=1
DEBUG RENDER: Render Elem 0x2d218560: Type=0x00 @(0,0) FinalSize=600x400 Borders=[0,0,0,0] Text='NULL' Align=0 Layout=0x04 Interact=0
DEBUG RENDER: Render Elem 0x2d218db0: Type=0x10 @(225,175) FinalSize=150x50 Borders=[0,0,0,0] Text='Click Me!' Align=1 Layout=0x00 Interact=1
DEBUG RENDER: Render Elem 0x2d218560: Type=0x00 @(0,0) FinalSize=600x400 Borders=[0,0,0,0] Text='NULL' Align=0 Layout=0x04 Interact=0
DEBUG RENDER: Render Elem 0x2d218db0: Type=0x10 @(225,175) FinalSize=150x50 Borders=[0,0,0,0] Text='Click Me!' Align=1 Layout=0x00 Interact=1
DEBUG RENDER: Render Elem 0x2d218560: Type=0x00 @(0,0) FinalSize=600x400 Borders=[0,0,0,0] Text='NULL' Align=0 Layout=0x04 Interact=0
DEBUG RENDER: Render Elem 0x2d218db0: Type=0x10 @(225,175) FinalSize=150x50 Borders=[0,0,0,0] Text='Click Me!' Align=1 Layout=0x00 Interact=1
DEBUG RENDER: Render Elem 0x2d218560: Type=0x00 @(0,0) FinalSize=600x400 Borders=[0,0,0,0] Text='NULL' Align=0 Layout=0x04 Interact=0
DEBUG RENDER: Render Elem 0x2d218db0: Type=0x10 @(225,175) FinalSize=150x50 Borders=[0,0,0,0] Text='Click Me!' Align=1 Layout=0x00 Interact=1
DEBUG RENDER: Render Elem 0x2d218560: Type=0x00 @(0,0) FinalSize=600x400 Borders=[0,0,0,0] Text='NULL' Align=0 Layout=0x04 Interact=0
DEBUG RENDER: Render Elem 0x2d218db0: Type=0x10 @(225,175) FinalSize=150x50 Borders=[0,0,0,0] Text='Click Me!' Align=1 Layout=0x00 Interact=1
DEBUG RENDER: Render Elem 0x2d218560: Type=0x00 @(0,0) FinalSize=600x400 Borders=[0,0,0,0] Text='NULL' Align=0 Layout=0x04 Interact=0
DEBUG RENDER: Render Elem 0x2d218db0: Type=0x10 @(225,175) FinalSize=150x50 Borders=[0,0,0,0] Text='Click Me!' Align=1 Layout=0x00 Interact=1
DEBUG RENDER: Render Elem 0x2d218560: Type=0x00 @(0,0) FinalSize=600x400 Borders=[0,0,0,0] Text='NULL' Align=0 Layout=0x04 Interact=0
DEBUG RENDER: Render Elem 0x2d218db0: Type=0x10 @(225,175) FinalSize=150x50 Borders=[0,0,0,0] Text='Click Me!' Align=1 Layout=0x00 Interact=1
DEBUG RENDER: Render Elem 0x2d218560: Type=0x00 @(0,0) FinalSize=600x400 Borders=[0,0,0,0] Text='NULL' Align=0 Layout=0x04 Interact=0
DEBUG RENDER: Render Elem 0x2d218db0: Type=0x10 @(225,175) FinalSize=150x50 Borders=[0,0,0,0] Text='Click Me!' Align=1 Layout=0x00 Interact=1
DEBUG RENDER: Render Elem 0x2d218560: Type=0x00 @(0,0) FinalSize=600x400 Borders=[0,0,0,0] Text='NULL' Align=0 Layout=0x04 Interact=0
DEBUG RENDER: Render Elem 0x2d218db0: Type=0x10 @(225,175) FinalSize=150x50 Borders=[0,0,0,0] Text='Click Me!' Align=1 Layout=0x00 Interact=1
DEBUG RENDER: Render Elem 0x2d218560: Type=0x00 @(0,0) FinalSize=600x400 Borders=[0,0,0,0] Text='NULL' Align=0 Layout=0x04 Interact=0
DEBUG RENDER: Render Elem 0x2d218db0: Type=0x10 @(225,175) FinalSize=150x50 Borders=[0,0,0,0] Text='Click Me!' Align=1 Layout=0x00 Interact=1
DEBUG RENDER: Render Elem 0x2d218560: Type=0x00 @(0,0) FinalSize=600x400 Borders=[0,0,0,0] Text='NULL' Align=0 Layout=0x04 Interact=0
DEBUG RENDER: Render Elem 0x2d218db0: Type=0x10 @(225,175) FinalSize=150x50 Borders=[0,0,0,0] Text='Click Me!' Align=1 Layout=0x00 Interact=1
DEBUG RENDER: Render Elem 0x2d218560: Type=0x00 @(0,0) FinalSize=600x400 Borders=[0,0,0,0] Text='NULL' Align=0 Layout=0x04 Interact=0
DEBUG RENDER: Render Elem 0x2d218db0: Type=0x10 @(225,175) FinalSize=150x50 Borders=[0,0,0,0] Text='Click Me!' Align=1 Layout=0x00 Interact=1
DEBUG RENDER: Render Elem 0x2d218560: Type=0x00 @(0,0) FinalSize=600x400 Borders=[0,0,0,0] Text='NULL' Align=0 Layout=0x04 Interact=0
DEBUG RENDER: Render Elem 0x2d218db0: Type=0x10 @(225,175) FinalSize=150x50 Borders=[0,0,0,0] Text='Click Me!' Align=1 Layout=0x00 Interact=1
DEBUG RENDER: Render Elem 0x2d218560: Type=0x00 @(0,0) FinalSize=600x400 Borders=[0,0,0,0] Text='NULL' Align=0 Layout=0x04 Interact=0
DEBUG RENDER: Render Elem 0x2d218db0: Type=0x10 @(225,175) FinalSize=150x50 Borders=[0,0,0,0] Text='Click Me!' Align=1 Layout=0x00 Interact=1
DEBUG RENDER: Render Elem 0x2d218560: Type=0x00 @(0,0) FinalSize=600x400 Borders=[0,0,0,0] Text='NULL' Align=0 Layout=0x04 Interact=0
DEBUG RENDER: Render Elem 0x2d218db0: Type=0x10 @(225,175) FinalSize=150x50 Borders=[0,0,0,0] Text='Click Me!' Align=1 Layout=0x00 Interact=1
DEBUG RENDER: Render Elem 0x2d218560: Type=0x00 @(0,0) FinalSize=600x400 Borders=[0,0,0,0] Text='NULL' Align=0 Layout=0x04 Interact=0
DEBUG RENDER: Render Elem 0x2d218db0: Type=0x10 @(225,175) FinalSize=150x50 Borders=[0,0,0,0] Text='Click Me!' Align=1 Layout=0x00 Interact=1
DEBUG RENDER: Render Elem 0x2d218560: Type=0x00 @(0,0) FinalSize=600x400 Borders=[0,0,0,0] Text='NULL' Align=0 Layout=0x04 Interact=0
DEBUG RENDER: Render Elem 0x2d218db0: Type=0x10 @(225,175) FinalSize=150x50 Borders=[0,0,0,0] Text='Click Me!' Align=1 Layout=0x00 Interact=1
DEBUG RENDER: Render Elem 0x2d218560: Type=0x00 @(0,0) FinalSize=600x400 Borders=[0,0,0,0] Text='NULL' Align=0 Layout=0x04 Interact=0
DEBUG RENDER: Render Elem 0x2d218db0: Type=0x10 @(225,175) FinalSize=150x50 Borders=[0,0,0,0] Text='Click Me!' Align=1 Layout=0x00 Interact=1
DEBUG RENDER: Render Elem 0x2d218560: Type=0x00 @(0,0) FinalSize=600x400 Borders=[0,0,0,0] Text='NULL' Align=0 Layout=0x04 Interact=0
DEBUG RENDER: Render Elem 0x2d218db0: Type=0x10 @(225,175) FinalSize=150x50 Borders=[0,0,0,0] Text='Click Me!' Align=1 Layout=0x00 Interact=1
DEBUG RENDER: Render Elem 0x2d218560: Type=0x00 @(0,0) FinalSize=600x400 Borders=[0,0,0,0] Text='NULL' Align=0 Layout=0x04 Interact=0
DEBUG RENDER: Render Elem 0x2d218db0: Type=0x10 @(225,175) FinalSize=150x50 Borders=[0,0,0,0] Text='Click Me!' Align=1 Layout=0x00 Interact=1
DEBUG RENDER: Render Elem 0x2d218560: Type=0x00 @(0,0) FinalSize=600x400 Borders=[0,0,0,0] Text='NULL' Align=0 Layout=0x04 Interact=0
DEBUG RENDER: Render Elem 0x2d218db0: Type=0x10 @(225,175) FinalSize=150x50 Borders=[0,0,0,0] Text='Click Me!' Align=1 Layout=0x00 Interact=1
DEBUG RENDER: Render Elem 0x2d218560: Type=0x00 @(0,0) FinalSize=600x400 Borders=[0,0,0,0] Text='NULL' Align=0 Layout=0x04 Interact=0
DEBUG RENDER: Render Elem 0x2d218db0: Type=0x10 @(225,175) FinalSize=150x50 Borders=[0,0,0,0] Text='Click Me!' Align=1 Layout=0x00 Interact=1
DEBUG RENDER: Render Elem 0x2d218560: Type=0x00 @(0,0) FinalSize=600x400 Borders=[0,0,0,0] Text='NULL' Align=0 Layout=0x04 Interact=0
DEBUG RENDER: Render Elem 0x2d218db0: Type=0x10 @(225,175) FinalSize=150x50 Borders=[0,0,0,0] Text='Click Me!' Align=1 Layout=0x00 Interact=1
DEBUG RENDER: Render Elem 0x2d218560: Type=0x00 @(0,0) FinalSize=600x400 Borders=[0,0,0,0] Text='NULL' Align=0 Layout=0x04 Interact=0
DEBUG RENDER: Render Elem 0x2d218db0: Type=0x10 @(225,175) FinalSize=150x50 Borders=[0,0,0,0] Text='Click Me!' Align=1 Layout=0x00 Interact=1
DEBUG RENDER: Render Elem 0x2d218560: Type=0x00 @(0,0) FinalSize=600x400 Borders=[0,0,0,0] Text='NULL' Align=0 Layout=0x04 Interact=0
DEBUG RENDER: Render Elem 0x2d218db0: Type=0x10 @(225,175) FinalSize=150x50 Borders=[0,0,0,0] Text='Click Me!' Align=1 Layout=0x00 Interact=1
DEBUG RENDER: Render Elem 0x2d218560: Type=0x00 @(0,0) FinalSize=600x400 Borders=[0,0,0,0] Text='NULL' Align=0 Layout=0x04 Interact=0
DEBUG RENDER: Render Elem 0x2d218db0: Type=0x10 @(225,175) FinalSize=150x50 Borders=[0,0,0,0] Text='Click Me!' Align=1 Layout=0x00 Interact=1
DEBUG RENDER: Render Elem 0x2d218560: Type=0x00 @(0,0) FinalSize=600x400 Borders=[0,0,0,0] Text='NULL' Align=0 Layout=0x04 Interact=0
DEBUG RENDER: Render Elem 0x2d218db0: Type=0x10 @(225,175) FinalSize=150x50 Borders=[0,0,0,0] Text='Click Me!' Align=1 Layout=0x00 Interact=1
DEBUG RENDER: Render Elem 0x2d218560: Type=0x00 @(0,0) FinalSize=600x400 Borders=[0,0,0,0] Text='NULL' Align=0 Layout=0x04 Interact=0
DEBUG RENDER: Render Elem 0x2d218db0: Type=0x10 @(225,175) FinalSize=150x50 Borders=[0,0,0,0] Text='Click Me!' Align=1 Layout=0x00 Interact=1
DEBUG RENDER: Render Elem 0x2d218560: Type=0x00 @(0,0) FinalSize=600x400 Borders=[0,0,0,0] Text='NULL' Align=0 Layout=0x04 Interact=0
DEBUG RENDER: Render Elem 0x2d218db0: Type=0x10 @(225,175) FinalSize=150x50 Borders=[0,0,0,0] Text='Click Me!' Align=1 Layout=0x00 Interact=1
DEBUG RENDER: Render Elem 0x2d218560: Type=0x00 @(0,0) FinalSize=600x400 Borders=[0,0,0,0] Text='NULL' Align=0 Layout=0x04 Interact=0
DEBUG RENDER: Render Elem 0x2d218db0: Type=0x10 @(225,175) FinalSize=150x50 Borders=[0,0,0,0] Text='Click Me!' Align=1 Layout=0x00 Interact=1
DEBUG RENDER: Render Elem 0x2d218560: Type=0x00 @(0,0) FinalSize=600x400 Borders=[0,0,0,0] Text='NULL' Align=0 Layout=0x04 Interact=0
DEBUG RENDER: Render Elem 0x2d218db0: Type=0x10 @(225,175) FinalSize=150x50 Borders=[0,0,0,0] Text='Click Me!' Align=1 Layout=0x00 Interact=1
DEBUG RENDER: Render Elem 0x2d218560: Type=0x00 @(0,0) FinalSize=600x400 Borders=[0,0,0,0] Text='NULL' Align=0 Layout=0x04 Interact=0
DEBUG RENDER: Render Elem 0x2d218db0: Type=0x10 @(225,175) FinalSize=150x50 Borders=[0,0,0,0] Text='Click Me!' Align=1 Layout=0x00 Interact=1
DEBUG RENDER: Render Elem 0x2d218560: Type=0x00 @(0,0) FinalSize=600x400 Borders=[0,0,0,0] Text='NULL' Align=0 Layout=0x04 Interact=0
DEBUG RENDER: Render Elem 0x2d218db0: Type=0x10 @(225,175) FinalSize=150x50 Borders=[0,0,0,0] Text='Click Me!' Align=1 Layout=0x00 Interact=1
DEBUG RENDER: Render Elem 0x2d218560: Type=0x00 @(0,0) FinalSize=600x400 Borders=[0,0,0,0] Text='NULL' Align=0 Layout=0x04 Interact=0
DEBUG RENDER: Render Elem 0x2d218db0: Type=0x10 @(225,175) FinalSize=150x50 Borders=[0,0,0,0] Text='Click Me!' Align=1 Layout=0x00 Interact=1
DEBUG RENDER: Render Elem 0x2d218560: Type=0x00 @(0,0) FinalSize=600x400 Borders=[0,0,0,0] Text='NULL' Align=0 Layout=0x04 Interact=0
DEBUG RENDER: Render Elem 0x2d218db0: Type=0x10 @(225,175) FinalSize=150x50 Borders=[0,0,0,0] Text='Click Me!' Align=1 Layout=0x00 Interact=1
DEBUG RENDER: Render Elem 0x2d218560: Type=0x00 @(0,0) FinalSize=600x400 Borders=[0,0,0,0] Text='NULL' Align=0 Layout=0x04 Interact=0
DEBUG RENDER: Render Elem 0x2d218db0: Type=0x10 @(225,175) FinalSize=150x50 Borders=[0,0,0,0] Text='Click Me!' Align=1 Layout=0x00 Interact=1
DEBUG RENDER: Render Elem 0x2d218560: Type=0x00 @(0,0) FinalSize=600x400 Borders=[0,0,0,0] Text='NULL' Align=0 Layout=0x04 Interact=0
DEBUG RENDER: Render Elem 0x2d218db0: Type=0x10 @(225,175) FinalSize=150x50 Borders=[0,0,0,0] Text='Click Me!' Align=1 Layout=0x00 Interact=1
DEBUG RENDER: Render Elem 0x2d218560: Type=0x00 @(0,0) FinalSize=600x400 Borders=[0,0,0,0] Text='NULL' Align=0 Layout=0x04 Interact=0
DEBUG RENDER: Render Elem 0x2d218db0: Type=0x10 @(225,175) FinalSize=150x50 Borders=[0,0,0,0] Text='Click Me!' Align=1 Layout=0x00 Interact=1
DEBUG RENDER: Render Elem 0x2d218560: Type=0x00 @(0,0) FinalSize=600x400 Borders=[0,0,0,0] Text='NULL' Align=0 Layout=0x04 Interact=0
DEBUG RENDER: Render Elem 0x2d218db0: Type=0x10 @(225,175) FinalSize=150x50 Borders=[0,0,0,0] Text='Click Me!' Align=1 Layout=0x00 Interact=1
DEBUG RENDER: Render Elem 0x2d218560: Type=0x00 @(0,0) FinalSize=600x400 Borders=[0,0,0,0] Text='NULL' Align=0 Layout=0x04 Interact=0
DEBUG RENDER: Render Elem 0x2d218db0: Type=0x10 @(225,175) FinalSize=150x50 Borders=[0,0,0,0] Text='Click Me!' Align=1 Layout=0x00 Interact=1
DEBUG RENDER: Render Elem 0x2d218560: Type=0x00 @(0,0) FinalSize=600x400 Borders=[0,0,0,0] Text='NULL' Align=0 Layout=0x04 Interact=0
DEBUG RENDER: Render Elem 0x2d218db0: Type=0x10 @(225,175) FinalSize=150x50 Borders=[0,0,0,0] Text='Click Me!' Align=1 Layout=0x00 Interact=1
DEBUG RENDER: Render Elem 0x2d218560: Type=0x00 @(0,0) FinalSize=600x400 Borders=[0,0,0,0] Text='NULL' Align=0 Layout=0x04 Interact=0
DEBUG RENDER: Render Elem 0x2d218db0: Type=0x10 @(225,175) FinalSize=150x50 Borders=[0,0,0,0] Text='Click Me!' Align=1 Layout=0x00 Interact=1
DEBUG RENDER: Render Elem 0x2d218560: Type=0x00 @(0,0) FinalSize=600x400 Borders=[0,0,0,0] Text='NULL' Align=0 Layout=0x04 Interact=0
DEBUG RENDER: Render Elem 0x2d218db0: Type=0x10 @(225,175) FinalSize=150x50 Borders=[0,0,0,0] Text='Click Me!' Align=1 Layout=0x00 Interact=1
DEBUG RENDER: Render Elem 0x2d218560: Type=0x00 @(0,0) FinalSize=600x400 Borders=[0,0,0,0] Text='NULL' Align=0 Layout=0x04 Interact=0
DEBUG RENDER: Render Elem 0x2d218db0: Type=0x10 @(225,175) FinalSize=150x50 Borders=[0,0,0,0] Text='Click Me!' Align=1 Layout=0x00 Interact=1
DEBUG RENDER: Render Elem 0x2d218560: Type=0x00 @(0,0) FinalSize=600x400 Borders=[0,0,0,0] Text='NULL' Align=0 Layout=0x04 Interact=0
DEBUG RENDER: Render Elem 0x2d218db0: Type=0x10 @(225,175) FinalSize=150x50 Borders=[0,0,0,0] Text='Click Me!' Align=1 Layout=0x00 Interact=1
DEBUG RENDER: Render Elem 0x2d218560: Type=0x00 @(0,0) FinalSize=600x400 Borders=[0,0,0,0] Text='NULL' Align=0 Layout=0x04 Interact=0
DEBUG RENDER: Render Elem 0x2d218db0: Type=0x10 @(225,175) FinalSize=150x50 Borders=[0,0,0,0] Text='Click Me!' Align=1 Layout=0x00 Interact=1
DEBUG RENDER: Render Elem 0x2d218560: Type=0x00 @(0,0) FinalSize=600x400 Borders=[0,0,0,0] Text='NULL' Align=0 Layout=0x04 Interact=0
DEBUG RENDER: Render Elem 0x2d218db0: Type=0x10 @(225,175) FinalSize=150x50 Borders=[0,0,0,0] Text='Click Me!' Align=1 Layout=0x00 Interact=1
DEBUG RENDER: Render Elem 0x2d218560: Type=0x00 @(0,0) FinalSize=600x400 Borders=[0,0,0,0] Text='NULL' Align=0 Layout=0x04 Interact=0
DEBUG RENDER: Render Elem 0x2d218db0: Type=0x10 @(225,175) FinalSize=150x50 Borders=[0,0,0,0] Text='Click Me!' Align=1 Layout=0x00 Interact=1
DEBUG RENDER: Render Elem 0x2d218560: Type=0x00 @(0,0) FinalSize=600x400 Borders=[0,0,0,0] Text='NULL' Align=0 Layout=0x04 Interact=0
DEBUG RENDER: Render Elem 0x2d218db0: Type=0x10 @(225,175) FinalSize=150x50 Borders=[0,0,0,0] Text='Click Me!' Align=1 Layout=0x00 Interact=1
DEBUG RENDER: Render Elem 0x2d218560: Type=0x00 @(0,0) FinalSize=600x400 Borders=[0,0,0,0] Text='NULL' Align=0 Layout=0x04 Interact=0
DEBUG RENDER: Render Elem 0x2d218db0: Type=0x10 @(225,175) FinalSize=150x50 Borders=[0,0,0,0] Text='Click Me!' Align=1 Layout=0x00 Interact=1
DEBUG RENDER: Render Elem 0x2d218560: Type=0x00 @(0,0) FinalSize=600x400 Borders=[0,0,0,0] Text='NULL' Align=0 Layout=0x04 Interact=0
DEBUG RENDER: Render Elem 0x2d218db0: Type=0x10 @(225,175) FinalSize=150x50 Borders=[0,0,0,0] Text='Click Me!' Align=1 Layout=0x00 Interact=1
DEBUG RENDER: Render Elem 0x2d218560: Type=0x00 @(0,0) FinalSize=600x400 Borders=[0,0,0,0] Text='NULL' Align=0 Layout=0x04 Interact=0
DEBUG RENDER: Render Elem 0x2d218db0: Type=0x10 @(225,175) FinalSize=150x50 Borders=[0,0,0,0] Text='Click Me!' Align=1 Layout=0x00 Interact=1
DEBUG RENDER: Render Elem 0x2d218560: Type=0x00 @(0,0) FinalSize=600x400 Borders=[0,0,0,0] Text='NULL' Align=0 Layout=0x04 Interact=0
DEBUG RENDER: Render Elem 0x2d218db0: Type=0x10 @(225,175) FinalSize=150x50 Borders=[0,0,0,0] Text='Click Me!' Align=1 Layout=0x00 Interact=1
DEBUG RENDER: Render Elem 0x2d218560: Type=0x00 @(0,0) FinalSize=600x400 Borders=[0,0,0,0] Text='NULL' Align=0 Layout=0x04 Interact=0
DEBUG RENDER: Render Elem 0x2d218db0: Type=0x10 @(225,175) FinalSize=150x50 Borders=[0,0,0,0] Text='Click Me!' Align=1 Layout=0x00 Interact=1
DEBUG RENDER: Render Elem 0x2d218560: Type=0x00 @(0,0) FinalSize=600x400 Borders=[0,0,0,0] Text='NULL' Align=0 Layout=0x04 Interact=0
DEBUG RENDER: Render Elem 0x2d218db0: Type=0x10 @(225,175) FinalSize=150x50 Borders=[0,0,0,0] Text='Click Me!' Align=1 Layout=0x00 Interact=1
DEBUG RENDER: Render Elem 0x2d218560: Type=0x00 @(0,0) FinalSize=600x400 Borders=[0,0,0,0] Text='NULL' Align=0 Layout=0x04 Interact=0
DEBUG RENDER: Render Elem 0x2d218db0: Type=0x10 @(225,175) FinalSize=150x50 Borders=[0,0,0,0] Text='Click Me!' Align=1 Layout=0x00 Interact=1
DEBUG RENDER: Render Elem 0x2d218560: Type=0x00 @(0,0) FinalSize=600x400 Borders=[0,0,0,0] Text='NULL' Align=0 Layout=0x04 Interact=0
DEBUG RENDER: Render Elem 0x2d218db0: Type=0x10 @(225,175) FinalSize=150x50 Borders=[0,0,0,0] Text='Click Me!' Align=1 Layout=0x00 Interact=1
DEBUG RENDER: Render Elem 0x2d218560: Type=0x00 @(0,0) FinalSize=600x400 Borders=[0,0,0,0] Text='NULL' Align=0 Layout=0x04 Interact=0
DEBUG RENDER: Render Elem 0x2d218db0: Type=0x10 @(225,175) FinalSize=150x50 Borders=[0,0,0,0] Text='Click Me!' Align=1 Layout=0x00 Interact=1
DEBUG RENDER: Render Elem 0x2d218560: Type=0x00 @(0,0) FinalSize=600x400 Borders=[0,0,0,0] Text='NULL' Align=0 Layout=0x04 Interact=0
DEBUG RENDER: Render Elem 0x2d218db0: Type=0x10 @(225,175) FinalSize=150x50 Borders=[0,0,0,0] Text='Click Me!' Align=1 Layout=0x00 Interact=1
DEBUG RENDER: Render Elem 0x2d218560: Type=0x00 @(0,0) FinalSize=600x400 Borders=[0,0,0,0] Text='NULL' Align=0 Layout=0x04 Interact=0
DEBUG RENDER: Render Elem 0x2d218db0: Type=0x10 @(225,175) FinalSize=150x50 Borders=[0,0,0,0] Text='Click Me!' Align=1 Layout=0x00 Interact=1
DEBUG RENDER: Render Elem 0x2d218560: Type=0x00 @(0,0) FinalSize=600x400 Borders=[0,0,0,0] Text='NULL' Align=0 Layout=0x04 Interact=0
DEBUG RENDER: Render Elem 0x2d218db0: Type=0x10 @(225,175) FinalSize=150x50 Borders=[0,0,0,0] Text='Click Me!' Align=1 Layout=0x00 Interact=1
DEBUG RENDER: Render Elem 0x2d218560: Type=0x00 @(0,0) FinalSize=600x400 Borders=[0,0,0,0] Text='NULL' Align=0 Layout=0x04 Interact=0
DEBUG RENDER: Render Elem 0x2d218db0: Type=0x10 @(225,175) FinalSize=150x50 Borders=[0,0,0,0] Text='Click Me!' Align=1 Layout=0x00 Interact=1
DEBUG RENDER: Render Elem 0x2d218560: Type=0x00 @(0,0) FinalSize=600x400 Borders=[0,0,0,0] Text='NULL' Align=0 Layout=0x04 Interact=0
DEBUG RENDER: Render Elem 0x2d218db0: Type=0x10 @(225,175) FinalSize=150x50 Borders=[0,0,0,0] Text='Click Me!' Align=1 Layout=0x00 Interact=1
DEBUG RENDER: Render Elem 0x2d218560: Type=0x00 @(0,0) FinalSize=600x400 Borders=[0,0,0,0] Text='NULL' Align=0 Layout=0x04 Interact=0
DEBUG RENDER: Render Elem 0x2d218db0: Type=0x10 @(225,175) FinalSize=150x50 Borders=[0,0,0,0] Text='Click Me!' Align=1 Layout=0x00 Interact=1
DEBUG RENDER: Render Elem 0x2d218560: Type=0x00 @(0,0) FinalSize=600x400 Borders=[0,0,0,0] Text='NULL' Align=0 Layout=0x04 Interact=0
DEBUG RENDER: Render Elem 0x2d218db0: Type=0x10 @(225,175) FinalSize=150x50 Borders=[0,0,0,0] Text='Click Me!' Align=1 Layout=0x00 Interact=1
INFO: Closing window and cleaning up.
